<?xml version="1.0" encoding="UTF-8"?>
<testng-results ignored="0" total="2" passed="2" failed="0" skipped="0">
  <reporter-output>
  </reporter-output>
  <suite started-at="2022-08-03T22:51:38 IST" name="Suite" finished-at="2022-08-03T22:52:05 IST" duration-ms="26912">
    <groups>
    </groups>
    <test started-at="2022-08-03T22:51:38 IST" name="Test" finished-at="2022-08-03T22:52:05 IST" duration-ms="26912">
      <class name="TEST.Output">
        <test-method is-config="true" signature="setup()[pri:0, instance:TEST.Output@689604d9]" started-at="2022-08-03T22:51:52 IST" name="setup" finished-at="2022-08-03T22:52:05 IST" duration-ms="13060" status="PASS">
          <reporter-output>
          </reporter-output>
        </test-method> <!-- setup -->
        <test-method signature="getoutput()[pri:0, instance:TEST.Output@689604d9]" started-at="2022-08-03T22:52:05 IST" name="getoutput" finished-at="2022-08-03T22:52:05 IST" duration-ms="2" status="PASS">
          <reporter-output>
          </reporter-output>
        </test-method> <!-- getoutput -->
      </class> <!-- TEST.Output -->
      <class name="TEST.Data">
        <test-method signature="login()[pri:0, instance:TEST.Data@293a5bf6]" started-at="2022-08-03T22:51:38 IST" name="login" finished-at="2022-08-03T22:51:52 IST" duration-ms="13796" status="PASS">
          <reporter-output>
          </reporter-output>
        </test-method> <!-- login -->
      </class> <!-- TEST.Data -->
    </test> <!-- Test -->
  </suite> <!-- Suite -->
</testng-results>
