<?xml version="1.0" encoding="UTF-8"?>
<testng-results ignored="0" total="1" passed="1" failed="0" skipped="0">
  <reporter-output>
  </reporter-output>
  <suite started-at="2022-07-19T17:03:34 IST" name="Default suite" finished-at="2022-07-19T17:03:48 IST" duration-ms="14280">
    <groups>
    </groups>
    <test started-at="2022-07-19T17:03:34 IST" name="Default test" finished-at="2022-07-19T17:03:48 IST" duration-ms="14280">
      <class name="TEST.Output">
        <test-method is-config="true" signature="setup()[pri:0, instance:TEST.Output@159f197]" started-at="2022-07-19T17:03:34 IST" name="setup" finished-at="2022-07-19T17:03:48 IST" duration-ms="14227" status="PASS">
          <reporter-output>
          </reporter-output>
        </test-method> <!-- setup -->
        <test-method signature="getoutput()[pri:0, instance:TEST.Output@159f197]" started-at="2022-07-19T17:03:48 IST" name="getoutput" finished-at="2022-07-19T17:03:48 IST" duration-ms="9" status="PASS">
          <reporter-output>
          </reporter-output>
        </test-method> <!-- getoutput -->
      </class> <!-- TEST.Output -->
    </test> <!-- Default test -->
  </suite> <!-- Default suite -->
</testng-results>
